<?xml version="1.0" encoding="UTF-8"?>
<!-- Generated by org.testng.reporters.JUnitReportReporter -->
<testsuite hostname="Aswini" failures="0" tests="1" name="amarontests.AmaronTestRun" time="54.192" errors="0" timestamp="2024-10-06T21:10:02 IST" skipped="0">
  <testcase classname="amarontests.AmaronTestRun" name="homeButtonActions" time="54.192"/>
</testsuite> <!-- amarontests.AmaronTestRun -->
